Exception at PC 0x00007FFDEFA57788
Unable to capture context for thread 5204 in process 8004, can not generate back trace
Exception at PC 0x00007FFDEFA57788
Unable to capture context for thread 6752 in process 8004, can not generate back trace
Unable to capture context for thread 308 in process 8004, can not generate back trace
Exception at PC 0x00007FFDEFA57788
Unable to capture context for thread 6752 in process 8004, can not generate back trace
Unable to capture context for thread 308 in process 8004, can not generate back trace
Exception at PC 0x00007FFD9BB4BB93
Printing stacktrace...

Exception at PC 0x00007FFDEFA57788
Exception at PC 0x00007FFDEFA57788
Exception at PC 0x00007FFDEFA57788
Exception at PC 0x00007FFDEFA57788
Exception at PC 0x00007FFDEFA57788
Exception at PC 0x00007FFDEFA57788
Exception at PC 0x00007FFDEFA57788
Exception at PC 0x00007FFDEFA57788
Exception at PC 0x00007FFDEFA57788
Exception at PC 0x00007FFDEFA57788
Exception at PC 0x00007FFDEFA57788
Exception at PC 0x00007FFDEFA57788
Exception at PC 0x00007FFDEFA57788
Exception at PC 0x00007FFDEFA57788
Exception at PC 0x00007FFDEFA57788
[0]  [0x00007FFD9BB4BB93]
[1]  [0x00007FFD9BB4BB93]
[2]  [0x00007FFD9BB4B4A1]
[3]  [0x00007FFD9BB4B3EF]
[4]  [0x00007FFD9BB319FE]
[5]  [0x00007FFD9BB30ED1]
[6]  [0x00007FFD9BB30D76]
[7]  [0x00007FFD9BAD79F6]
[8]  [0x00007FFD9BAC7AFB]
[9]  [0x00007FFD9BBEE90A]
[10]  [0x00007FFD9BC09F87]
[11]  [0x00007FFD9BC0A05F]
[12] (BaseThreadInitThunk+0x14) [0x00007FFDF21E8364]
[13] (RtlUserThreadStart+0x21) [0x00007FFDF2815E91]
Done
