
*** Running vivado
    with args -log ULA_PED.vdi -applog -m64 -messageDb vivado.pb -mode batch -source ULA_PED.tcl -notrace


****** Vivado v2016.2 (64-bit)
  **** SW Build 1577090 on Thu Jun  2 16:32:40 MDT 2016
  **** IP Build 1577682 on Fri Jun  3 12:00:54 MDT 2016
    ** Copyright 1986-2016 Xilinx, Inc. All Rights Reserved.

source ULA_PED.tcl -notrace
Design is defaulting to srcset: sources_1
Design is defaulting to constrset: constrs_1
INFO: [Netlist 29-17] Analyzing 25 Unisim elements for replacement
INFO: [Netlist 29-28] Unisim Transformation completed in 0 CPU seconds
INFO: [Project 1-479] Netlist was created with Vivado 2016.2
INFO: [Device 21-403] Loading part xc7a50tftg256-2
INFO: [Project 1-570] Preparing netlist for logic optimization
INFO: [Opt 31-138] Pushed 0 inverter(s) to 0 load pin(s).
INFO: [Project 1-111] Unisim Transformation Summary:
  A total of 4 instances were transformed.
  LDCP => LDCP (GND, LUT3, LUT3, LDCE, VCC): 4 instances

link_design: Time (s): cpu = 00:00:05 ; elapsed = 00:00:05 . Memory (MB): peak = 434.520 ; gain = 227.781
INFO: [Vivado_Tcl 4-424] Cannot write hardware definition file as there are no IPI block design hardware handoff files present
Command: opt_design
Attempting to get a license for feature 'Implementation' and/or device 'xc7a50t'
INFO: [Common 17-349] Got license for feature 'Implementation' and/or device 'xc7a50t'
Running DRC as a precondition to command opt_design

Starting DRC Task
INFO: [DRC 23-27] Running DRC with 2 threads
INFO: [Project 1-461] DRC finished with 0 Errors
INFO: [Project 1-462] Please refer to the DRC report (report_drc) for more information.

Time (s): cpu = 00:00:00 ; elapsed = 00:00:00.085 . Memory (MB): peak = 438.859 ; gain = 4.211
INFO: [Timing 38-35] Done setting XDC timing constraints.

Starting Logic Optimization Task
Implement Debug Cores | Checksum: 8f0524b4

Phase 1 Retarget
INFO: [Opt 31-138] Pushed 0 inverter(s) to 0 load pin(s).
INFO: [Opt 31-49] Retargeted 0 cell(s).
Phase 1 Retarget | Checksum: 8f0524b4

Time (s): cpu = 00:00:00 ; elapsed = 00:00:00.038 . Memory (MB): peak = 912.195 ; gain = 0.000

Phase 2 Constant Propagation
INFO: [Opt 31-138] Pushed 0 inverter(s) to 0 load pin(s).
INFO: [Opt 31-10] Eliminated 0 cells.
Phase 2 Constant Propagation | Checksum: 8f0524b4

Time (s): cpu = 00:00:00 ; elapsed = 00:00:00.038 . Memory (MB): peak = 912.195 ; gain = 0.000

Phase 3 Sweep
INFO: [Opt 31-12] Eliminated 23 unconnected nets.
INFO: [Opt 31-11] Eliminated 0 unconnected cells.
Phase 3 Sweep | Checksum: fb4ef3ea

Time (s): cpu = 00:00:00 ; elapsed = 00:00:00.053 . Memory (MB): peak = 912.195 ; gain = 0.000

Starting Connectivity Check Task

Time (s): cpu = 00:00:00 ; elapsed = 00:00:00.016 . Memory (MB): peak = 912.195 ; gain = 0.000
Ending Logic Optimization Task | Checksum: fb4ef3ea

Time (s): cpu = 00:00:00 ; elapsed = 00:00:00.069 . Memory (MB): peak = 912.195 ; gain = 0.000

Starting Power Optimization Task
INFO: [Pwropt 34-132] Skipping clock gating for clocks with a period < 2.00 ns.
Ending Power Optimization Task | Checksum: fb4ef3ea

Time (s): cpu = 00:00:00 ; elapsed = 00:00:00 . Memory (MB): peak = 912.195 ; gain = 0.000
INFO: [Common 17-83] Releasing license: Implementation
21 Infos, 0 Warnings, 0 Critical Warnings and 0 Errors encountered.
opt_design completed successfully
opt_design: Time (s): cpu = 00:00:12 ; elapsed = 00:00:12 . Memory (MB): peak = 912.195 ; gain = 477.547
INFO: [DRC 23-27] Running DRC with 2 threads
INFO: [Coretcl 2-168] The results of DRC are in file C:/Users/Marco/Google Drive/Engenharia/SD1/PED/ULA_2/ULA_2.runs/impl_1/ULA_PED_drc_opted.rpt.
INFO: [Chipscope 16-241] No debug cores found in the current design.
Before running the implement_debug_core command, either use the Set Up Debug wizard (GUI mode)
or use the create_debug_core and connect_debug_core Tcl commands to insert debug cores into the design.
Command: place_design
Attempting to get a license for feature 'Implementation' and/or device 'xc7a50t'
INFO: [Common 17-349] Got license for feature 'Implementation' and/or device 'xc7a50t'
INFO: [DRC 23-27] Running DRC with 2 threads
INFO: [Vivado_Tcl 4-198] DRC finished with 0 Errors
INFO: [Vivado_Tcl 4-199] Please refer to the DRC report (report_drc) for more information.
Running DRC as a precondition to command place_design
INFO: [DRC 23-27] Running DRC with 2 threads
INFO: [Vivado_Tcl 4-198] DRC finished with 0 Errors
INFO: [Vivado_Tcl 4-199] Please refer to the DRC report (report_drc) for more information.

Starting Placer Task
INFO: [Place 30-611] Multithreading enabled for place_design using a maximum of 2 CPUs

Phase 1 Placer Initialization
Netlist sorting complete. Time (s): cpu = 00:00:00 ; elapsed = 00:00:00 . Memory (MB): peak = 912.195 ; gain = 0.000
Netlist sorting complete. Time (s): cpu = 00:00:00 ; elapsed = 00:00:00 . Memory (MB): peak = 912.195 ; gain = 0.000

Phase 1.1 IO Placement/ Clock Placement/ Build Placer Device

Phase 1.1.1 ParallelPlaceIOClockAndInitTop

Phase 1.1.1.1 Pre-Place Cells
Phase 1.1.1.1 Pre-Place Cells | Checksum: 00000000

Time (s): cpu = 00:00:00 ; elapsed = 00:00:00.068 . Memory (MB): peak = 912.195 ; gain = 0.000

Phase 1.1.1.2 Constructing HAPIClkRuleMgr
Phase 1.1.1.2 Constructing HAPIClkRuleMgr | Checksum: 00000000

Time (s): cpu = 00:00:00 ; elapsed = 00:00:00.100 . Memory (MB): peak = 912.195 ; gain = 0.000
INFO: [Timing 38-35] Done setting XDC timing constraints.

Phase 1.1.1.3 IO and Clk Clean Up

Phase 1.1.1.3.1 Constructing HAPIClkRuleMgr
Phase 1.1.1.3.1 Constructing HAPIClkRuleMgr | Checksum: 00000000

Time (s): cpu = 00:00:01 ; elapsed = 00:00:00.838 . Memory (MB): peak = 926.652 ; gain = 14.457
Phase 1.1.1.3 IO and Clk Clean Up | Checksum: 00000000

Time (s): cpu = 00:00:01 ; elapsed = 00:00:00.854 . Memory (MB): peak = 926.652 ; gain = 14.457

Phase 1.1.1.4 Implementation Feasibility check On IDelay
Phase 1.1.1.4 Implementation Feasibility check On IDelay | Checksum: 00000000

Time (s): cpu = 00:00:01 ; elapsed = 00:00:00.854 . Memory (MB): peak = 926.652 ; gain = 14.457

Phase 1.1.1.5 Commit IO Placement
Phase 1.1.1.5 Commit IO Placement | Checksum: 10e6ea36

Time (s): cpu = 00:00:01 ; elapsed = 00:00:00.854 . Memory (MB): peak = 926.652 ; gain = 14.457
Phase 1.1.1 ParallelPlaceIOClockAndInitTop | Checksum: 10e6ea36

Time (s): cpu = 00:00:01 ; elapsed = 00:00:00.854 . Memory (MB): peak = 926.652 ; gain = 14.457
Phase 1.1 IO Placement/ Clock Placement/ Build Placer Device | Checksum: a72f2991

Time (s): cpu = 00:00:01 ; elapsed = 00:00:00.854 . Memory (MB): peak = 926.652 ; gain = 14.457

Phase 1.2 Build Placer Netlist Model

Phase 1.2.1 Place Init Design

Phase 1.2.1.1 Make Others
Phase 1.2.1.1 Make Others | Checksum: bb71561b

Time (s): cpu = 00:00:01 ; elapsed = 00:00:00.869 . Memory (MB): peak = 926.652 ; gain = 14.457
Phase 1.2.1 Place Init Design | Checksum: b26af043

Time (s): cpu = 00:00:01 ; elapsed = 00:00:00.869 . Memory (MB): peak = 926.652 ; gain = 14.457
Phase 1.2 Build Placer Netlist Model | Checksum: b26af043

Time (s): cpu = 00:00:01 ; elapsed = 00:00:00.885 . Memory (MB): peak = 926.652 ; gain = 14.457

Phase 1.3 Constrain Clocks/Macros
Phase 1.3 Constrain Clocks/Macros | Checksum: b26af043

Time (s): cpu = 00:00:01 ; elapsed = 00:00:00.885 . Memory (MB): peak = 926.652 ; gain = 14.457
Phase 1 Placer Initialization | Checksum: b26af043

Time (s): cpu = 00:00:01 ; elapsed = 00:00:00.885 . Memory (MB): peak = 926.652 ; gain = 14.457

Phase 2 Global Placement
Phase 2 Global Placement | Checksum: 118891ee1

Time (s): cpu = 00:00:01 ; elapsed = 00:00:01 . Memory (MB): peak = 926.652 ; gain = 14.457

Phase 3 Detail Placement

Phase 3.1 Commit Multi Column Macros
Phase 3.1 Commit Multi Column Macros | Checksum: 118891ee1

Time (s): cpu = 00:00:01 ; elapsed = 00:00:01 . Memory (MB): peak = 926.652 ; gain = 14.457

Phase 3.2 Commit Most Macros & LUTRAMs
Phase 3.2 Commit Most Macros & LUTRAMs | Checksum: 173e1bf29

Time (s): cpu = 00:00:01 ; elapsed = 00:00:01 . Memory (MB): peak = 926.652 ; gain = 14.457

Phase 3.3 Area Swap Optimization
Phase 3.3 Area Swap Optimization | Checksum: 1548782a6

Time (s): cpu = 00:00:01 ; elapsed = 00:00:01 . Memory (MB): peak = 926.652 ; gain = 14.457

Phase 3.4 Small Shape Detail Placement
Phase 3.4 Small Shape Detail Placement | Checksum: 1720b912f

Time (s): cpu = 00:00:01 ; elapsed = 00:00:01 . Memory (MB): peak = 926.652 ; gain = 14.457

Phase 3.5 Re-assign LUT pins
Phase 3.5 Re-assign LUT pins | Checksum: 1720b912f

Time (s): cpu = 00:00:01 ; elapsed = 00:00:01 . Memory (MB): peak = 926.652 ; gain = 14.457

Phase 3.6 Pipeline Register Optimization
Phase 3.6 Pipeline Register Optimization | Checksum: 1720b912f

Time (s): cpu = 00:00:01 ; elapsed = 00:00:01 . Memory (MB): peak = 926.652 ; gain = 14.457
Phase 3 Detail Placement | Checksum: 1720b912f

Time (s): cpu = 00:00:01 ; elapsed = 00:00:01 . Memory (MB): peak = 926.652 ; gain = 14.457

Phase 4 Post Placement Optimization and Clean-Up

Phase 4.1 Post Commit Optimization
Phase 4.1 Post Commit Optimization | Checksum: 1720b912f

Time (s): cpu = 00:00:01 ; elapsed = 00:00:01 . Memory (MB): peak = 926.652 ; gain = 14.457

Phase 4.2 Sweep Clock Roots: Post-Placement
Phase 4.2 Sweep Clock Roots: Post-Placement | Checksum: 1720b912f

Time (s): cpu = 00:00:01 ; elapsed = 00:00:01 . Memory (MB): peak = 926.652 ; gain = 14.457

Phase 4.3 Post Placement Cleanup
Phase 4.3 Post Placement Cleanup | Checksum: 1720b912f

Time (s): cpu = 00:00:01 ; elapsed = 00:00:01 . Memory (MB): peak = 926.652 ; gain = 14.457

Phase 4.4 Placer Reporting
Phase 4.4 Placer Reporting | Checksum: 1720b912f

Time (s): cpu = 00:00:01 ; elapsed = 00:00:01 . Memory (MB): peak = 926.652 ; gain = 14.457

Phase 4.5 Final Placement Cleanup
Phase 4.5 Final Placement Cleanup | Checksum: 13e18b502

Time (s): cpu = 00:00:01 ; elapsed = 00:00:01 . Memory (MB): peak = 926.652 ; gain = 14.457
Phase 4 Post Placement Optimization and Clean-Up | Checksum: 13e18b502

Time (s): cpu = 00:00:01 ; elapsed = 00:00:01 . Memory (MB): peak = 926.652 ; gain = 14.457
Ending Placer Task | Checksum: 10b216f63

Time (s): cpu = 00:00:01 ; elapsed = 00:00:01 . Memory (MB): peak = 926.652 ; gain = 14.457
INFO: [Common 17-83] Releasing license: Implementation
34 Infos, 0 Warnings, 0 Critical Warnings and 0 Errors encountered.
place_design completed successfully
Writing placer database...
Writing XDEF routing.
Writing XDEF routing logical nets.
Writing XDEF routing special nets.
Write XDEF Complete: Time (s): cpu = 00:00:00 ; elapsed = 00:00:00.123 . Memory (MB): peak = 926.652 ; gain = 0.000
report_io: Time (s): cpu = 00:00:00 ; elapsed = 00:00:00.038 . Memory (MB): peak = 926.652 ; gain = 0.000
report_utilization: Time (s): cpu = 00:00:00 ; elapsed = 00:00:00.031 . Memory (MB): peak = 926.652 ; gain = 0.000
report_control_sets: Time (s): cpu = 00:00:00 ; elapsed = 00:00:00 . Memory (MB): peak = 926.652 ; gain = 0.000
Command: route_design
Attempting to get a license for feature 'Implementation' and/or device 'xc7a50t'
INFO: [Common 17-349] Got license for feature 'Implementation' and/or device 'xc7a50t'
Running DRC as a precondition to command route_design
INFO: [DRC 23-27] Running DRC with 2 threads
INFO: [Vivado_Tcl 4-198] DRC finished with 0 Errors
INFO: [Vivado_Tcl 4-199] Please refer to the DRC report (report_drc) for more information.


Starting Routing Task
INFO: [Route 35-254] Multithreading enabled for route_design using a maximum of 2 CPUs
Checksum: PlaceDB: a8cc0c35 ConstDB: 0 ShapeSum: 6255632e RouteDB: 0

Phase 1 Build RT Design
Phase 1 Build RT Design | Checksum: 1e81115e1

Time (s): cpu = 00:00:31 ; elapsed = 00:00:28 . Memory (MB): peak = 1000.891 ; gain = 74.238

Phase 2 Router Initialization
INFO: [Route 35-64] No timing constraints were detected. The router will operate in resource-optimization mode.

Phase 2.1 Fix Topology Constraints
Phase 2.1 Fix Topology Constraints | Checksum: 1e81115e1

Time (s): cpu = 00:00:31 ; elapsed = 00:00:28 . Memory (MB): peak = 1005.520 ; gain = 78.867

Phase 2.2 Pre Route Cleanup
Phase 2.2 Pre Route Cleanup | Checksum: 1e81115e1

Time (s): cpu = 00:00:31 ; elapsed = 00:00:28 . Memory (MB): peak = 1005.520 ; gain = 78.867
 Number of Nodes with overlaps = 0
Phase 2 Router Initialization | Checksum: 4fb9cb76

Time (s): cpu = 00:00:32 ; elapsed = 00:00:28 . Memory (MB): peak = 1008.766 ; gain = 82.113

Phase 3 Initial Routing
Phase 3 Initial Routing | Checksum: 12581ea09

Time (s): cpu = 00:00:32 ; elapsed = 00:00:28 . Memory (MB): peak = 1008.766 ; gain = 82.113

Phase 4 Rip-up And Reroute

Phase 4.1 Global Iteration 0
 Number of Nodes with overlaps = 15
 Number of Nodes with overlaps = 0
Phase 4.1 Global Iteration 0 | Checksum: 103de6eb8

Time (s): cpu = 00:00:32 ; elapsed = 00:00:28 . Memory (MB): peak = 1008.766 ; gain = 82.113
Phase 4 Rip-up And Reroute | Checksum: 103de6eb8

Time (s): cpu = 00:00:32 ; elapsed = 00:00:28 . Memory (MB): peak = 1008.766 ; gain = 82.113

Phase 5 Delay and Skew Optimization
Phase 5 Delay and Skew Optimization | Checksum: 103de6eb8

Time (s): cpu = 00:00:32 ; elapsed = 00:00:28 . Memory (MB): peak = 1008.766 ; gain = 82.113

Phase 6 Post Hold Fix

Phase 6.1 Hold Fix Iter
Phase 6.1 Hold Fix Iter | Checksum: 103de6eb8

Time (s): cpu = 00:00:32 ; elapsed = 00:00:28 . Memory (MB): peak = 1008.766 ; gain = 82.113
Phase 6 Post Hold Fix | Checksum: 103de6eb8

Time (s): cpu = 00:00:32 ; elapsed = 00:00:28 . Memory (MB): peak = 1008.766 ; gain = 82.113

Phase 7 Route finalize

Router Utilization Summary
  Global Vertical Routing Utilization    = 0.0267878 %
  Global Horizontal Routing Utilization  = 0.0288912 %
  Routable Net Status*
  *Does not include unroutable nets such as driverless and loadless.
  Run report_route_status for detailed report.
  Number of Failed Nets               = 0
  Number of Unrouted Nets             = 0
  Number of Partially Routed Nets     = 0
  Number of Node Overlaps             = 0

Congestion Report
North Dir 1x1 Area, Max Cong = 10.8108%, No Congested Regions.
South Dir 1x1 Area, Max Cong = 15.3153%, No Congested Regions.
East Dir 1x1 Area, Max Cong = 25%, No Congested Regions.
West Dir 1x1 Area, Max Cong = 14.7059%, No Congested Regions.
Phase 7 Route finalize | Checksum: 103de6eb8

Time (s): cpu = 00:00:32 ; elapsed = 00:00:28 . Memory (MB): peak = 1008.766 ; gain = 82.113

Phase 8 Verifying routed nets

 Verification completed successfully
Phase 8 Verifying routed nets | Checksum: 103de6eb8

Time (s): cpu = 00:00:32 ; elapsed = 00:00:28 . Memory (MB): peak = 1009.324 ; gain = 82.672

Phase 9 Depositing Routes
Phase 9 Depositing Routes | Checksum: 56270de4

Time (s): cpu = 00:00:32 ; elapsed = 00:00:28 . Memory (MB): peak = 1009.324 ; gain = 82.672
INFO: [Route 35-16] Router Completed Successfully

Time (s): cpu = 00:00:32 ; elapsed = 00:00:28 . Memory (MB): peak = 1009.324 ; gain = 82.672

Routing Is Done.
INFO: [Common 17-83] Releasing license: Implementation
42 Infos, 0 Warnings, 0 Critical Warnings and 0 Errors encountered.
route_design completed successfully
route_design: Time (s): cpu = 00:00:32 ; elapsed = 00:00:28 . Memory (MB): peak = 1009.324 ; gain = 82.672
Writing placer database...
Writing XDEF routing.
Writing XDEF routing logical nets.
Writing XDEF routing special nets.
Write XDEF Complete: Time (s): cpu = 00:00:00 ; elapsed = 00:00:00.078 . Memory (MB): peak = 1009.324 ; gain = 0.000
INFO: [DRC 23-27] Running DRC with 2 threads
INFO: [Coretcl 2-168] The results of DRC are in file C:/Users/Marco/Google Drive/Engenharia/SD1/PED/ULA_2/ULA_2.runs/impl_1/ULA_PED_drc_routed.rpt.
INFO: [Timing 38-91] UpdateTimingParams: Speed grade: -2, Delay Type: min_max.
INFO: [Timing 38-191] Multithreading enabled for timing update using a maximum of 2 CPUs
WARNING: [Timing 38-313] There are no user specified timing constraints. Timing constraints are needed for proper timing analysis.
WARNING: [Power 33-232] No user defined clocks were found in the design!
Resolution: Please specify clocks using create_clock/create_generated_clock for sequential elements. For pure combinatorial circuits, please specify a virtual clock, otherwise the vectorless estimation might be inaccurate
Running Vector-less Activity Propagation...

Finished Running Vector-less Activity Propagation
Attempting to get a license for feature 'Implementation' and/or device 'xc7a50t'
INFO: [Common 17-349] Got license for feature 'Implementation' and/or device 'xc7a50t'
Running DRC as a precondition to command write_bitstream
INFO: [DRC 23-27] Running DRC with 2 threads
