Copyright 1986-2016 Xilinx, Inc. All Rights Reserved.
------------------------------------------------------------------------------------
| Tool Version : Vivado v.2016.2 (win64) Build 1577090 Thu Jun  2 16:32:40 MDT 2016
| Date         : Mon Nov 28 21:54:35 2016
| Host         : DESKTOP-H8D297J running 64-bit major release  (build 9200)
| Command      : report_control_sets -verbose -file ULA_PED_control_sets_placed.rpt
| Design       : ULA_PED
| Device       : xc7a50t
------------------------------------------------------------------------------------

Control Set Information

Table of Contents
-----------------
1. Summary
2. Flip-Flop Distribution
3. Detailed Control Set Information

1. Summary
----------

+----------------------------------------------------------+-------+
|                          Status                          | Count |
+----------------------------------------------------------+-------+
| Number of unique control sets                            |     9 |
| Unused register locations in slices containing registers |    41 |
+----------------------------------------------------------+-------+


2. Flip-Flop Distribution
-------------------------

+--------------+-----------------------+------------------------+-----------------+--------------+
| Clock Enable | Synchronous Set/Reset | Asynchronous Set/Reset | Total Registers | Total Slices |
+--------------+-----------------------+------------------------+-----------------+--------------+
| No           | No                    | No                     |              45 |           15 |
| No           | No                    | Yes                    |               0 |            0 |
| No           | Yes                   | No                     |               2 |            1 |
| Yes          | No                    | No                     |               0 |            0 |
| Yes          | No                    | Yes                    |               0 |            0 |
| Yes          | Yes                   | No                     |               0 |            0 |
+--------------+-----------------------+------------------------+-----------------+--------------+


3. Detailed Control Set Information
-----------------------------------

+-----------------------+---------------+---------------------------+------------------+----------------+
|      Clock Signal     | Enable Signal |      Set/Reset Signal     | Slice Load Count | Bel Load Count |
+-----------------------+---------------+---------------------------+------------------+----------------+
|  F_reg[3]/G0          |               |                           |                1 |              1 |
|  F_reg[2]/G0          |               |                           |                1 |              1 |
|  F_reg[1]/G0          |               |                           |                1 |              1 |
|  F_reg[0]/G0          |               |                           |                1 |              1 |
|  MUX_CLK              |               | cathode_select[1]_i_1_n_0 |                1 |              2 |
|  temp8_reg[7]_i_2_n_0 |               |                           |                2 |              8 |
|  p_8_out[3]           |               |                           |                2 |              8 |
|  MUX_CLK              |               |                           |                3 |              9 |
|  clk_IBUF_BUFG        |               |                           |                4 |             16 |
+-----------------------+---------------+---------------------------+------------------+----------------+


