#-----------------------------------------------------------
# Vivado v2016.2 (64-bit)
# SW Build 1577090 on Thu Jun  2 16:32:40 MDT 2016
# IP Build 1577682 on Fri Jun  3 12:00:54 MDT 2016
# Start of session at: Mon Nov 07 22:44:33 2016
# Process ID: 6272
# Current directory: C:/Users/daniele/Desktop/lab_07/contador_1
# Command line: vivado.exe -gui_launcher_event rodinguilauncherevent10156 C:\Users\daniele\Desktop\lab_07\contador_1\contador_1.xpr
# Log file: C:/Users/daniele/Desktop/lab_07/contador_1/vivado.log
# Journal file: C:/Users/daniele/Desktop/lab_07/contador_1\vivado.jou
#-----------------------------------------------------------
start_gui
open_project C:/Users/daniele/Desktop/lab_07/contador_1/contador_1.xpr
INFO: [Project 1-313] Project file moved from 'C:/Users/lucas/Desktop/lab_07/contador_1' since last save.
Scanning sources...
Finished scanning sources
WARNING: [filemgmt 56-2] IP Output Repository Path: Could not find the directory 'C:/Users/daniele/Desktop/lab_07/contador_1/contador_1.cache/ip', nor could it be found using path 'C:/Users/lucas/Desktop/lab_07/contador_1/contador_1.cache/ip'.
CRITICAL WARNING: [Project 1-505] Unrecognized Option Name DSANumComputeUnits
CRITICAL WARNING: [Project 1-505] Unrecognized Option Name XSimRadix
CRITICAL WARNING: [Project 1-505] Unrecognized Option Name XSimTimeUnit
CRITICAL WARNING: [Project 1-505] Unrecognized Option Name XSimArrayDisplayLimit
CRITICAL WARNING: [Project 1-505] Unrecognized Option Name XSimTraceLimit
WARNING: [Project 1-231] Project 'contador_1.xpr' was created with a future version and may or may not perform reliably with this version of Vivado. It has been opened in read-only mode for the protection of unrecognized data. Use 'File | Save Project As...' if you wish to alter a copy of the project.
INFO: [IP_Flow 19-234] Refreshing IP repositories
INFO: [IP_Flow 19-2313] Loaded Vivado IP repository 'C:/Xilinx/Vivado/2016.2/data/ip'.
open_project: Time (s): cpu = 00:00:12 ; elapsed = 00:00:13 . Memory (MB): peak = 682.289 ; gain = 54.793
update_compile_order -fileset sources_1
exit
INFO: [Common 17-206] Exiting Vivado at Mon Nov 07 22:53:56 2016...
